Using pre-set license
Built from '2020.3/staging' branch; Version is '2020.3.28f1 (f5400f52e03f) revision 16072719'; Using compiler version '192528614'; Build Type 'Release'
OS: 'Windows 10  (10.0.19042) 64bit Professional' Language: 'ko' Physical Memory: 16318 MB
BatchMode: 1, IsHumanControllingUs: 0, StartBugReporterOnCrash: 0, Is64bit: 1, IsPro: 0

COMMAND LINE ARGUMENTS:
C:\Program Files\Unity\Hub\Editor\2020.3.28f1\Editor\Unity.exe
-adb2
-batchMode
-noUpm
-name
AssetImportWorker0
-projectPath
D:/Unity/GitHub/UniRun/UniRun
-logFile
Logs/AssetImportWorker0.log
-srvPort
55832
Successfully changed project path to: D:/Unity/GitHub/UniRun/UniRun
D:/Unity/GitHub/UniRun/UniRun
Using Asset Import Pipeline V2.
Refreshing native plugins compatible for Editor in 37.25 ms, found 3 plugins.
Preloading 0 native plugins for Editor in 0.00 ms.
Initialize engine version: 2020.3.28f1 (f5400f52e03f)
[Subsystems] Discovering subsystems at path C:/Program Files/Unity/Hub/Editor/2020.3.28f1/Editor/Data/Resources/UnitySubsystems
[Subsystems] Discovering subsystems at path D:/Unity/GitHub/UniRun/UniRun/Assets
GfxDevice: creating device client; threaded=0
Direct3D:
    Version:  Direct3D 11.0 [level 11.1]
    Renderer: NVIDIA GeForce GTX 1060 6GB (ID=0x1c03)
    Vendor:   
    VRAM:     6052 MB
    Driver:   27.21.14.5751
Initialize mono
Mono path[0] = 'C:/Program Files/Unity/Hub/Editor/2020.3.28f1/Editor/Data/Managed'
Mono path[1] = 'C:/Program Files/Unity/Hub/Editor/2020.3.28f1/Editor/Data/MonoBleedingEdge/lib/mono/unityjit'
Mono config path = 'C:/Program Files/Unity/Hub/Editor/2020.3.28f1/Editor/Data/MonoBleedingEdge/etc'
Using monoOptions --debugger-agent=transport=dt_socket,embedding=1,server=y,suspend=n,address=127.0.0.1:56352
Begin MonoManager ReloadAssembly
Registering precompiled unity dll's ...
Register platform support module: C:/Program Files/Unity/Hub/Editor/2020.3.28f1/Editor/Data/PlaybackEngines/WindowsStandaloneSupport/UnityEditor.WindowsStandalone.Extensions.dll
Registered in 0.001854 seconds.
Native extension for WindowsStandalone target not found
Refreshing native plugins compatible for Editor in 35.79 ms, found 3 plugins.
Preloading 0 native plugins for Editor in 0.00 ms.
Mono: successfully reloaded assembly
- Completed reload, in  0.483 seconds
Domain Reload Profiling:
	ReloadAssembly (483ms)
		BeginReloadAssembly (55ms)
			ExecutionOrderSort (0ms)
			DisableScriptedObjects (0ms)
			BackupInstance (0ms)
			ReleaseScriptingObjects (0ms)
			CreateAndSetChildDomain (1ms)
		EndReloadAssembly (368ms)
			LoadAssemblies (53ms)
			RebuildTransferFunctionScriptingTraits (0ms)
			SetupTypeCache (121ms)
			ReleaseScriptCaches (0ms)
			RebuildScriptCaches (25ms)
			SetupLoadedEditorAssemblies (139ms)
				LogAssemblyErrors (0ms)
				InitializePlatformSupportModulesInManaged (3ms)
				SetLoadedEditorAssemblies (0ms)
				RefreshPlugins (36ms)
				BeforeProcessingInitializeOnLoad (14ms)
				ProcessInitializeOnLoadAttributes (64ms)
				ProcessInitializeOnLoadMethodAttributes (23ms)
				AfterProcessingInitializeOnLoad (0ms)
				EditorAssembliesLoaded (0ms)
			ExecutionOrderSort2 (0ms)
			AwakeInstancesAfterBackupRestoration (0ms)
Platform modules already initialized, skipping
Registering precompiled user dll's ...
Registered in 0.002848 seconds.
Begin MonoManager ReloadAssembly
Native extension for WindowsStandalone target not found
Refreshing native plugins compatible for Editor in 36.28 ms, found 3 plugins.
Preloading 0 native plugins for Editor in 0.00 ms.
Mono: successfully reloaded assembly
- Completed reload, in  0.919 seconds
Domain Reload Profiling:
	ReloadAssembly (919ms)
		BeginReloadAssembly (127ms)
			ExecutionOrderSort (0ms)
			DisableScriptedObjects (4ms)
			BackupInstance (0ms)
			ReleaseScriptingObjects (0ms)
			CreateAndSetChildDomain (16ms)
		EndReloadAssembly (742ms)
			LoadAssemblies (83ms)
			RebuildTransferFunctionScriptingTraits (0ms)
			SetupTypeCache (247ms)
			ReleaseScriptCaches (0ms)
			RebuildScriptCaches (38ms)
			SetupLoadedEditorAssemblies (281ms)
				LogAssemblyErrors (0ms)
				InitializePlatformSupportModulesInManaged (3ms)
				SetLoadedEditorAssemblies (0ms)
				RefreshPlugins (36ms)
				BeforeProcessingInitializeOnLoad (65ms)
				ProcessInitializeOnLoadAttributes (157ms)
				ProcessInitializeOnLoadMethodAttributes (13ms)
				AfterProcessingInitializeOnLoad (6ms)
				EditorAssembliesLoaded (0ms)
			ExecutionOrderSort2 (0ms)
			AwakeInstancesAfterBackupRestoration (5ms)
Platform modules already initialized, skipping
========================================================================
Worker process is ready to serve import requests
Launched and connected shader compiler UnityShaderCompiler.exe after 0.06 seconds
Refreshing native plugins compatible for Editor in 0.43 ms, found 3 plugins.
Preloading 0 native plugins for Editor in 0.00 ms.
Unloading 2196 Unused Serialized files (Serialized files now loaded: 0)
System memory in use before: 98.5 MB.
System memory in use after: 98.5 MB.

Unloading 34 unused Assets to reduce memory usage. Loaded Objects now: 2623.
Total: 2.707800 ms (FindLiveObjects: 0.144800 ms CreateObjectMapping: 0.074200 ms MarkObjects: 2.372400 ms  DeleteObjects: 0.115300 ms)

AssetImportParameters requested are different than current active one (requested -> active):
  custom:framework-win-MediaFoundation: 216162199b28c13a410421893ffa2e32 -> 
  custom:video-decoder-ogg-theora: a1e56fd34408186e4bbccfd4996cb3dc -> 
  custom:container-muxer-webm: aa71ff27fc2769a1b78a27578f13a17b -> 
  custom:container-demuxer-webm: 4f35f7cbe854078d1ac9338744f61a02 -> 
  custom:container-demuxer-ogg: 62fdf1f143b41e24485cea50d1cbac27 -> 
  custom:video-encoder-webm-vp8: eb34c28f22e8b96e1ab97ce403110664 -> 
  custom:video-decoder-webm-vp8: 9c59270c3fd7afecdb556c50c9e8de78 -> 
  custom:audio-decoder-ogg-vorbis: bf7c407c2cedff20999df2af8eb42d56 -> 
  custom:audio-encoder-webm-vorbis: bf7c407c2cedff20999df2af8eb42d56 -> 
========================================================================
Received Import Request.
  path: Assets/01.Scenes/Main.unity
  artifactKey: Guid(2cda990e2423bbf4892e6590ba056729) Importer(815301076,1909f56bfc062723c751e8b465ee728b)
Start importing Assets/01.Scenes/Main.unity using Guid(2cda990e2423bbf4892e6590ba056729) Importer(815301076,1909f56bfc062723c751e8b465ee728b)  -> (artifact id: 'e17d9bc6eca8d3acd0e2b5fadf11270a') in 0.013509 seconds 
  Import took 0.047656 seconds .

========================================================================
Received Import Request.
  Time since last request: 452.965389 seconds.
  path: Assets/03.Sprites/Toko_Run.png
  artifactKey: Guid(d7159a67a357942ef8404ce06e20db64) Importer(815301076,1909f56bfc062723c751e8b465ee728b)
Start importing Assets/03.Sprites/Toko_Run.png using Guid(d7159a67a357942ef8404ce06e20db64) Importer(815301076,1909f56bfc062723c751e8b465ee728b)  -> (artifact id: 'd0fc8771223fee72327b56882496b191') in 0.081488 seconds 
  Import took 0.098151 seconds .

========================================================================
Received Import Request.
  Time since last request: 441.938237 seconds.
  path: Assets/03.Sprites/Toko_Run.png
  artifactKey: Guid(d7159a67a357942ef8404ce06e20db64) Importer(815301076,1909f56bfc062723c751e8b465ee728b)
Start importing Assets/03.Sprites/Toko_Run.png using Guid(d7159a67a357942ef8404ce06e20db64) Importer(815301076,1909f56bfc062723c751e8b465ee728b)  -> (artifact id: '6bf53fff65f24e51059bf3f5e8a4dbd2') in 0.010908 seconds 
  Import took 0.014307 seconds .

========================================================================
Received Import Request.
  Time since last request: 972.856029 seconds.
  path: Assets/03.Sprites/Toko_Run.png
  artifactKey: Guid(d7159a67a357942ef8404ce06e20db64) Importer(815301076,1909f56bfc062723c751e8b465ee728b)
Start importing Assets/03.Sprites/Toko_Run.png using Guid(d7159a67a357942ef8404ce06e20db64) Importer(815301076,1909f56bfc062723c751e8b465ee728b)  -> (artifact id: '3dae357e312e36592b227e78284ce0e9') in 0.041423 seconds 
  Import took 0.050434 seconds .

========================================================================
Received Import Request.
  Time since last request: 1705.892461 seconds.
  path: ProjectSettings/TagManager.asset
  artifactKey: Guid(00000000000000003000000000000000) Importer(815301076,1909f56bfc062723c751e8b465ee728b)
Start importing ProjectSettings/TagManager.asset using Guid(00000000000000003000000000000000) Importer(815301076,1909f56bfc062723c751e8b465ee728b)  -> (artifact id: '95df672b4aaba54310d34c83eef51bb8') in 0.010039 seconds 
  Import took 0.021452 seconds .

========================================================================
Received Import Request.
  Time since last request: 1047.086864 seconds.
  path: Assets/05.Audio/die.wav
  artifactKey: Guid(668a107660fa54fe98e03b698a09aa49) Importer(815301076,1909f56bfc062723c751e8b465ee728b)
Start importing Assets/05.Audio/die.wav using Guid(668a107660fa54fe98e03b698a09aa49) Importer(815301076,1909f56bfc062723c751e8b465ee728b)  -> (artifact id: '882cd0117fbdc42a50a54328da7c714e') in 0.094167 seconds 
  Import took 0.106939 seconds .

========================================================================
Received Import Request.
  Time since last request: 0.000145 seconds.
  path: Assets/05.Audio/music.wav
  artifactKey: Guid(4dd43bb437e454be4a5cffc8d1065c21) Importer(815301076,1909f56bfc062723c751e8b465ee728b)
Start importing Assets/05.Audio/music.wav using Guid(4dd43bb437e454be4a5cffc8d1065c21) Importer(815301076,1909f56bfc062723c751e8b465ee728b)  -> (artifact id: 'd5c4c696b792442298c7c7bbffcbcdcd') in 0.021558 seconds 
  Import took 0.024671 seconds .

========================================================================
Received Import Request.
  Time since last request: 0.000245 seconds.
  path: Assets/05.Audio/jump.wav
  artifactKey: Guid(7e1e32c51f4da464c97260039524fe15) Importer(815301076,1909f56bfc062723c751e8b465ee728b)
Start importing Assets/05.Audio/jump.wav using Guid(7e1e32c51f4da464c97260039524fe15) Importer(815301076,1909f56bfc062723c751e8b465ee728b)  -> (artifact id: '1907e327bd8c095fc87846260cace267') in 0.015270 seconds 
  Import took 0.018512 seconds .

========================================================================
Received Import Request.
  Time since last request: 121.297348 seconds.
  path: Assets/07.Animations
  artifactKey: Guid(99bf250915e31c14aa4d4d22d528e52c) Importer(815301076,1909f56bfc062723c751e8b465ee728b)
Start importing Assets/07.Animations using Guid(99bf250915e31c14aa4d4d22d528e52c) Importer(815301076,1909f56bfc062723c751e8b465ee728b)  -> (artifact id: 'bd3adda0b2c470d07d5329cf42e6bb60') in 0.005601 seconds 
  Import took 0.008942 seconds .

========================================================================
Received Import Request.
  Time since last request: 1740.451823 seconds.
  path: Assets/03.Sprites/Platform.png
  artifactKey: Guid(5741b32a258714aeb878182f438cb29f) Importer(815301076,1909f56bfc062723c751e8b465ee728b)
Start importing Assets/03.Sprites/Platform.png using Guid(5741b32a258714aeb878182f438cb29f) Importer(815301076,1909f56bfc062723c751e8b465ee728b)  -> (artifact id: '5ec604baf713ea106176c31b36079b4b') in 0.014330 seconds 
  Import took 0.017826 seconds .

========================================================================
Received Import Request.
  Time since last request: 613.116077 seconds.
  path: Assets/07.Animations/Run.anim
  artifactKey: Guid(7ba4e117ff4e58941bb1dccc8e52156b) Importer(815301076,1909f56bfc062723c751e8b465ee728b)
Start importing Assets/07.Animations/Run.anim using Guid(7ba4e117ff4e58941bb1dccc8e52156b) Importer(815301076,1909f56bfc062723c751e8b465ee728b)  -> (artifact id: 'ed4d17b604e2cf74f1ccd8efe7f6d174') in 0.007562 seconds 
  Import took 0.033264 seconds .

========================================================================
Received Import Request.
  Time since last request: 226.106207 seconds.
  path: Assets/03.Sprites/Toko_Jump.png
  artifactKey: Guid(f716f7502ddb743ef982e4d223876d5c) Importer(815301076,1909f56bfc062723c751e8b465ee728b)
Start importing Assets/03.Sprites/Toko_Jump.png using Guid(f716f7502ddb743ef982e4d223876d5c) Importer(815301076,1909f56bfc062723c751e8b465ee728b)  -> (artifact id: '899ce64b0246cc02f26316c49d7742af') in 0.027217 seconds 
  Import took 0.051947 seconds .

========================================================================
Received Import Request.
  Time since last request: 141.138468 seconds.
  path: Assets/03.Sprites/Toko_Die.png
  artifactKey: Guid(5b9cf154823f6440b9c40d54c5d1bdad) Importer(815301076,1909f56bfc062723c751e8b465ee728b)
Start importing Assets/03.Sprites/Toko_Die.png using Guid(5b9cf154823f6440b9c40d54c5d1bdad) Importer(815301076,1909f56bfc062723c751e8b465ee728b)  -> (artifact id: '4cbc201d8d4a0af3ceb64768dfa8eb5c') in 0.023209 seconds 
  Import took 0.036175 seconds .

========================================================================
Received Import Request.
  Time since last request: 1980.596575 seconds.
  path: Assets/07.Animations/Player.controller
  artifactKey: Guid(34c42ddf4e0685c4d835d182ea8bf966) Importer(815301076,1909f56bfc062723c751e8b465ee728b)
Start importing Assets/07.Animations/Player.controller using Guid(34c42ddf4e0685c4d835d182ea8bf966) Importer(815301076,1909f56bfc062723c751e8b465ee728b)  -> (artifact id: 'fe8585c670d0fb3107da164cff2653fa') in 0.009501 seconds 
  Import took 0.013002 seconds .

========================================================================
Received Prepare
Registering precompiled user dll's ...
Registered in 0.002853 seconds.
Begin MonoManager ReloadAssembly
Native extension for WindowsStandalone target not found
Refreshing native plugins compatible for Editor in 0.44 ms, found 3 plugins.
Preloading 0 native plugins for Editor in 0.00 ms.
Mono: successfully reloaded assembly
- Completed reload, in  0.838 seconds
Domain Reload Profiling:
	ReloadAssembly (838ms)
		BeginReloadAssembly (103ms)
			ExecutionOrderSort (0ms)
			DisableScriptedObjects (5ms)
			BackupInstance (0ms)
			ReleaseScriptingObjects (0ms)
			CreateAndSetChildDomain (32ms)
		EndReloadAssembly (686ms)
			LoadAssemblies (79ms)
			RebuildTransferFunctionScriptingTraits (0ms)
			SetupTypeCache (243ms)
			ReleaseScriptCaches (1ms)
			RebuildScriptCaches (35ms)
			SetupLoadedEditorAssemblies (255ms)
				LogAssemblyErrors (0ms)
				InitializePlatformSupportModulesInManaged (3ms)
				SetLoadedEditorAssemblies (1ms)
				RefreshPlugins (0ms)
				BeforeProcessingInitializeOnLoad (71ms)
				ProcessInitializeOnLoadAttributes (164ms)
				ProcessInitializeOnLoadMethodAttributes (10ms)
				AfterProcessingInitializeOnLoad (6ms)
				EditorAssembliesLoaded (0ms)
			ExecutionOrderSort2 (0ms)
			AwakeInstancesAfterBackupRestoration (7ms)
Platform modules already initialized, skipping
Refreshing native plugins compatible for Editor in 0.46 ms, found 3 plugins.
Preloading 0 native plugins for Editor in 0.00 ms.
Unloading 2191 Unused Serialized files (Serialized files now loaded: 0)
System memory in use before: 101.5 MB.
System memory in use after: 101.5 MB.

Unloading 24 unused Assets to reduce memory usage. Loaded Objects now: 2642.
Total: 2.444300 ms (FindLiveObjects: 0.148100 ms CreateObjectMapping: 0.078400 ms MarkObjects: 2.125200 ms  DeleteObjects: 0.092100 ms)

AssetImportParameters requested are different than current active one (requested -> active):
  custom:framework-win-MediaFoundation: 216162199b28c13a410421893ffa2e32 -> 
  custom:video-decoder-ogg-theora: a1e56fd34408186e4bbccfd4996cb3dc -> 
  custom:container-muxer-webm: aa71ff27fc2769a1b78a27578f13a17b -> 
  custom:container-demuxer-webm: 4f35f7cbe854078d1ac9338744f61a02 -> 
  custom:container-demuxer-ogg: 62fdf1f143b41e24485cea50d1cbac27 -> 
  custom:video-encoder-webm-vp8: eb34c28f22e8b96e1ab97ce403110664 -> 
  custom:video-decoder-webm-vp8: 9c59270c3fd7afecdb556c50c9e8de78 -> 
  custom:audio-decoder-ogg-vorbis: bf7c407c2cedff20999df2af8eb42d56 -> 
  custom:audio-encoder-webm-vorbis: bf7c407c2cedff20999df2af8eb42d56 -> 
========================================================================
Received Prepare
Registering precompiled user dll's ...
Registered in 0.002713 seconds.
Begin MonoManager ReloadAssembly
Native extension for WindowsStandalone target not found
Refreshing native plugins compatible for Editor in 0.42 ms, found 3 plugins.
Preloading 0 native plugins for Editor in 0.00 ms.
Mono: successfully reloaded assembly
- Completed reload, in  0.821 seconds
Domain Reload Profiling:
	ReloadAssembly (822ms)
		BeginReloadAssembly (97ms)
			ExecutionOrderSort (0ms)
			DisableScriptedObjects (5ms)
			BackupInstance (0ms)
			ReleaseScriptingObjects (0ms)
			CreateAndSetChildDomain (29ms)
		EndReloadAssembly (675ms)
			LoadAssemblies (78ms)
			RebuildTransferFunctionScriptingTraits (0ms)
			SetupTypeCache (239ms)
			ReleaseScriptCaches (1ms)
			RebuildScriptCaches (34ms)
			SetupLoadedEditorAssemblies (250ms)
				LogAssemblyErrors (0ms)
				InitializePlatformSupportModulesInManaged (3ms)
				SetLoadedEditorAssemblies (0ms)
				RefreshPlugins (0ms)
				BeforeProcessingInitializeOnLoad (66ms)
				ProcessInitializeOnLoadAttributes (165ms)
				ProcessInitializeOnLoadMethodAttributes (9ms)
				AfterProcessingInitializeOnLoad (6ms)
				EditorAssembliesLoaded (0ms)
			ExecutionOrderSort2 (0ms)
			AwakeInstancesAfterBackupRestoration (7ms)
Platform modules already initialized, skipping
Refreshing native plugins compatible for Editor in 0.43 ms, found 3 plugins.
Preloading 0 native plugins for Editor in 0.00 ms.
Unloading 2191 Unused Serialized files (Serialized files now loaded: 0)
System memory in use before: 101.6 MB.
System memory in use after: 101.5 MB.

Unloading 23 unused Assets to reduce memory usage. Loaded Objects now: 2644.
Total: 2.678400 ms (FindLiveObjects: 0.145400 ms CreateObjectMapping: 0.078200 ms MarkObjects: 2.357000 ms  DeleteObjects: 0.096900 ms)

AssetImportParameters requested are different than current active one (requested -> active):
  custom:framework-win-MediaFoundation: 216162199b28c13a410421893ffa2e32 -> 
  custom:video-decoder-ogg-theora: a1e56fd34408186e4bbccfd4996cb3dc -> 
  custom:container-muxer-webm: aa71ff27fc2769a1b78a27578f13a17b -> 
  custom:container-demuxer-webm: 4f35f7cbe854078d1ac9338744f61a02 -> 
  custom:container-demuxer-ogg: 62fdf1f143b41e24485cea50d1cbac27 -> 
  custom:video-encoder-webm-vp8: eb34c28f22e8b96e1ab97ce403110664 -> 
  custom:video-decoder-webm-vp8: 9c59270c3fd7afecdb556c50c9e8de78 -> 
  custom:audio-decoder-ogg-vorbis: bf7c407c2cedff20999df2af8eb42d56 -> 
  custom:audio-encoder-webm-vorbis: bf7c407c2cedff20999df2af8eb42d56 -> 
========================================================================
Received Import Request.
  Time since last request: 1735.226044 seconds.
  path: Assets/07.Animations/Die.anim
  artifactKey: Guid(f488072a0363110429b96f188694e3e5) Importer(815301076,1909f56bfc062723c751e8b465ee728b)
Start importing Assets/07.Animations/Die.anim using Guid(f488072a0363110429b96f188694e3e5) Importer(815301076,1909f56bfc062723c751e8b465ee728b)  -> (artifact id: 'fe067ccbe1bae897564fe40fa1775a53') in 0.015302 seconds 
  Import took 0.036817 seconds .

========================================================================
Received Prepare
Registering precompiled user dll's ...
Registered in 0.002847 seconds.
Begin MonoManager ReloadAssembly
Native extension for WindowsStandalone target not found
Refreshing native plugins compatible for Editor in 0.42 ms, found 3 plugins.
Preloading 0 native plugins for Editor in 0.00 ms.
Mono: successfully reloaded assembly
- Completed reload, in  0.827 seconds
Domain Reload Profiling:
	ReloadAssembly (827ms)
		BeginReloadAssembly (99ms)
			ExecutionOrderSort (0ms)
			DisableScriptedObjects (5ms)
			BackupInstance (0ms)
			ReleaseScriptingObjects (0ms)
			CreateAndSetChildDomain (29ms)
		EndReloadAssembly (679ms)
			LoadAssemblies (79ms)
			RebuildTransferFunctionScriptingTraits (0ms)
			SetupTypeCache (239ms)
			ReleaseScriptCaches (1ms)
			RebuildScriptCaches (34ms)
			SetupLoadedEditorAssemblies (254ms)
				LogAssemblyErrors (0ms)
				InitializePlatformSupportModulesInManaged (3ms)
				SetLoadedEditorAssemblies (0ms)
				RefreshPlugins (0ms)
				BeforeProcessingInitializeOnLoad (67ms)
				ProcessInitializeOnLoadAttributes (168ms)
				ProcessInitializeOnLoadMethodAttributes (10ms)
				AfterProcessingInitializeOnLoad (6ms)
				EditorAssembliesLoaded (0ms)
			ExecutionOrderSort2 (0ms)
			AwakeInstancesAfterBackupRestoration (7ms)
Platform modules already initialized, skipping
Refreshing native plugins compatible for Editor in 0.44 ms, found 3 plugins.
Preloading 0 native plugins for Editor in 0.00 ms.
Unloading 2191 Unused Serialized files (Serialized files now loaded: 0)
System memory in use before: 101.6 MB.
System memory in use after: 101.6 MB.

Unloading 23 unused Assets to reduce memory usage. Loaded Objects now: 2646.
Total: 2.597100 ms (FindLiveObjects: 0.150600 ms CreateObjectMapping: 0.076100 ms MarkObjects: 2.265900 ms  DeleteObjects: 0.103900 ms)

AssetImportParameters requested are different than current active one (requested -> active):
  custom:framework-win-MediaFoundation: 216162199b28c13a410421893ffa2e32 -> 
  custom:video-decoder-ogg-theora: a1e56fd34408186e4bbccfd4996cb3dc -> 
  custom:container-muxer-webm: aa71ff27fc2769a1b78a27578f13a17b -> 
  custom:container-demuxer-webm: 4f35f7cbe854078d1ac9338744f61a02 -> 
  custom:container-demuxer-ogg: 62fdf1f143b41e24485cea50d1cbac27 -> 
  custom:video-encoder-webm-vp8: eb34c28f22e8b96e1ab97ce403110664 -> 
  custom:video-decoder-webm-vp8: 9c59270c3fd7afecdb556c50c9e8de78 -> 
  custom:audio-decoder-ogg-vorbis: bf7c407c2cedff20999df2af8eb42d56 -> 
  custom:audio-encoder-webm-vorbis: bf7c407c2cedff20999df2af8eb42d56 -> 
========================================================================
Received Prepare
Registering precompiled user dll's ...
Registered in 0.002697 seconds.
Begin MonoManager ReloadAssembly
Native extension for WindowsStandalone target not found
Refreshing native plugins compatible for Editor in 0.43 ms, found 3 plugins.
Preloading 0 native plugins for Editor in 0.00 ms.
Mono: successfully reloaded assembly
- Completed reload, in  0.809 seconds
Domain Reload Profiling:
	ReloadAssembly (809ms)
		BeginReloadAssembly (96ms)
			ExecutionOrderSort (0ms)
			DisableScriptedObjects (5ms)
			BackupInstance (0ms)
			ReleaseScriptingObjects (0ms)
			CreateAndSetChildDomain (27ms)
		EndReloadAssembly (663ms)
			LoadAssemblies (82ms)
			RebuildTransferFunctionScriptingTraits (0ms)
			SetupTypeCache (233ms)
			ReleaseScriptCaches (1ms)
			RebuildScriptCaches (34ms)
			SetupLoadedEditorAssemblies (243ms)
				LogAssemblyErrors (0ms)
				InitializePlatformSupportModulesInManaged (3ms)
				SetLoadedEditorAssemblies (0ms)
				RefreshPlugins (0ms)
				BeforeProcessingInitializeOnLoad (66ms)
				ProcessInitializeOnLoadAttributes (153ms)
				ProcessInitializeOnLoadMethodAttributes (13ms)
				AfterProcessingInitializeOnLoad (6ms)
				EditorAssembliesLoaded (0ms)
			ExecutionOrderSort2 (0ms)
			AwakeInstancesAfterBackupRestoration (7ms)
Platform modules already initialized, skipping
Refreshing native plugins compatible for Editor in 0.42 ms, found 3 plugins.
Preloading 0 native plugins for Editor in 0.00 ms.
Unloading 2191 Unused Serialized files (Serialized files now loaded: 0)
System memory in use before: 101.6 MB.
System memory in use after: 101.6 MB.

Unloading 23 unused Assets to reduce memory usage. Loaded Objects now: 2648.
Total: 2.381800 ms (FindLiveObjects: 0.139200 ms CreateObjectMapping: 0.071800 ms MarkObjects: 2.074800 ms  DeleteObjects: 0.095200 ms)

AssetImportParameters requested are different than current active one (requested -> active):
  custom:framework-win-MediaFoundation: 216162199b28c13a410421893ffa2e32 -> 
  custom:video-decoder-ogg-theora: a1e56fd34408186e4bbccfd4996cb3dc -> 
  custom:container-muxer-webm: aa71ff27fc2769a1b78a27578f13a17b -> 
  custom:container-demuxer-webm: 4f35f7cbe854078d1ac9338744f61a02 -> 
  custom:container-demuxer-ogg: 62fdf1f143b41e24485cea50d1cbac27 -> 
  custom:video-encoder-webm-vp8: eb34c28f22e8b96e1ab97ce403110664 -> 
  custom:video-decoder-webm-vp8: 9c59270c3fd7afecdb556c50c9e8de78 -> 
  custom:audio-decoder-ogg-vorbis: bf7c407c2cedff20999df2af8eb42d56 -> 
  custom:audio-encoder-webm-vorbis: bf7c407c2cedff20999df2af8eb42d56 -> 
========================================================================
Received Import Request.
  Time since last request: 1140.717832 seconds.
  path: Assets/02.Scripts/PlayerController.cs
  artifactKey: Guid(17f3f4d140b51424abbe750063360595) Importer(815301076,1909f56bfc062723c751e8b465ee728b)
Start importing Assets/02.Scripts/PlayerController.cs using Guid(17f3f4d140b51424abbe750063360595) Importer(815301076,1909f56bfc062723c751e8b465ee728b)  -> (artifact id: '10975610a71c720c76cac09abc15bf44') in 0.018550 seconds 
  Import took 0.022974 seconds .

========================================================================
Received Prepare
Registering precompiled user dll's ...
Registered in 0.002693 seconds.
Begin MonoManager ReloadAssembly
Native extension for WindowsStandalone target not found
Refreshing native plugins compatible for Editor in 0.43 ms, found 3 plugins.
Preloading 0 native plugins for Editor in 0.00 ms.
Mono: successfully reloaded assembly
- Completed reload, in  0.810 seconds
Domain Reload Profiling:
	ReloadAssembly (811ms)
		BeginReloadAssembly (99ms)
			ExecutionOrderSort (0ms)
			DisableScriptedObjects (5ms)
			BackupInstance (0ms)
			ReleaseScriptingObjects (0ms)
			CreateAndSetChildDomain (28ms)
		EndReloadAssembly (660ms)
			LoadAssemblies (82ms)
			RebuildTransferFunctionScriptingTraits (0ms)
			SetupTypeCache (236ms)
			ReleaseScriptCaches (1ms)
			RebuildScriptCaches (34ms)
			SetupLoadedEditorAssemblies (238ms)
				LogAssemblyErrors (0ms)
				InitializePlatformSupportModulesInManaged (4ms)
				SetLoadedEditorAssemblies (0ms)
				RefreshPlugins (0ms)
				BeforeProcessingInitializeOnLoad (64ms)
				ProcessInitializeOnLoadAttributes (154ms)
				ProcessInitializeOnLoadMethodAttributes (9ms)
				AfterProcessingInitializeOnLoad (6ms)
				EditorAssembliesLoaded (0ms)
			ExecutionOrderSort2 (0ms)
			AwakeInstancesAfterBackupRestoration (7ms)
Platform modules already initialized, skipping
Refreshing native plugins compatible for Editor in 0.43 ms, found 3 plugins.
Preloading 0 native plugins for Editor in 0.00 ms.
Unloading 2192 Unused Serialized files (Serialized files now loaded: 0)
System memory in use before: 101.6 MB.
System memory in use after: 101.6 MB.

Unloading 23 unused Assets to reduce memory usage. Loaded Objects now: 2651.
Total: 2.553900 ms (FindLiveObjects: 0.154000 ms CreateObjectMapping: 0.077800 ms MarkObjects: 2.225800 ms  DeleteObjects: 0.095700 ms)

AssetImportParameters requested are different than current active one (requested -> active):
  custom:framework-win-MediaFoundation: 216162199b28c13a410421893ffa2e32 -> 
  custom:video-decoder-ogg-theora: a1e56fd34408186e4bbccfd4996cb3dc -> 
  custom:container-muxer-webm: aa71ff27fc2769a1b78a27578f13a17b -> 
  custom:container-demuxer-webm: 4f35f7cbe854078d1ac9338744f61a02 -> 
  custom:container-demuxer-ogg: 62fdf1f143b41e24485cea50d1cbac27 -> 
  custom:video-encoder-webm-vp8: eb34c28f22e8b96e1ab97ce403110664 -> 
  custom:video-decoder-webm-vp8: 9c59270c3fd7afecdb556c50c9e8de78 -> 
  custom:audio-decoder-ogg-vorbis: bf7c407c2cedff20999df2af8eb42d56 -> 
  custom:audio-encoder-webm-vorbis: bf7c407c2cedff20999df2af8eb42d56 -> 
AssetImportWorkerClient::OnTransportError - code=2 error=End of file
